<?xml version="1.0" encoding="UTF-8"?>
<testsuite name="connectfour.BoardTest" tests="2" skipped="0" failures="0" errors="0" timestamp="2023-06-05T19:14:06" hostname="NABHAN_DELL" time="0.018">
  <properties/>
  <testcase name="boardIsFull" classname="connectfour.BoardTest" time="0.016"/>
  <testcase name="boardIsNotFull" classname="connectfour.BoardTest" time="0.001"/>
  <system-out><![CDATA[]]></system-out>
  <system-err><![CDATA[]]></system-err>
</testsuite>
